<?xml version="1.0" encoding="UTF-8"?>
<!-- Generated by org.testng.reporters.JUnitReportReporter -->
<testsuite hostname="RASH" failures="0" tests="4" name="com.tutorialNinja.qa.testcases.LoginTest" time="14.591" errors="0" timestamp="2023-04-08T21:59:30 IST" skipped="0">
  <testcase classname="com.tutorialNinja.qa.testcases.LoginTest" name="verifyLoginwithvalidCredentialfromExcel" time="3.756"/>
  <system-out/>
  <testcase classname="com.tutorialNinja.qa.testcases.LoginTest" name="verifyLoginwithvalidCredentialfromExcel" time="3.611"/>
  <system-out/>
  <testcase classname="com.tutorialNinja.qa.testcases.LoginTest" name="verifyLoginwithvalidCredential" time="3.789"/>
  <system-out/>
  <testcase classname="com.tutorialNinja.qa.testcases.LoginTest" name="verifyLoginWithInvalidCredential" time="3.435"/>
  <system-out/>
</testsuite> <!-- com.tutorialNinja.qa.testcases.LoginTest -->
