<?xml version="1.0" encoding="UTF-8"?>
<!-- Generated by org.testng.reporters.JUnitReportReporter -->
<testsuite hostname="RASH" failures="0" tests="3" name="com.tutorialNinja.qa.testcases.SearchTest" time="8.778" errors="0" timestamp="2023-04-08T21:59:30 IST" skipped="0">
  <testcase classname="com.tutorialNinja.qa.testcases.SearchTest" name="searchProduct" time="3.130"/>
  <system-out/>
  <testcase classname="com.tutorialNinja.qa.testcases.SearchTest" name="searchInvalidProduct" time="2.822"/>
  <system-out/>
  <testcase classname="com.tutorialNinja.qa.testcases.SearchTest" name="searchWithoutProduct" time="2.826"/>
  <system-out/>
</testsuite> <!-- com.tutorialNinja.qa.testcases.SearchTest -->
