<?xml version="1.0" encoding="UTF-8"?>
<!-- Generated by org.testng.reporters.JUnitReportReporter -->
<testsuite hostname="RASH" failures="0" tests="2" name="com.tutorialNinja.qa.testcases.RegistrationTest" time="10.964" errors="0" timestamp="2023-04-08T21:59:30 IST" skipped="0">
  <testcase classname="com.tutorialNinja.qa.testcases.RegistrationTest" name="verifyRegisteringAccountbyProvidingOnlyMandatoryfields" time="5.402"/>
  <system-out/>
  <testcase classname="com.tutorialNinja.qa.testcases.RegistrationTest" name="verifyRegisteringAccountWithAllfields" time="5.562"/>
  <system-out/>
</testsuite> <!-- com.tutorialNinja.qa.testcases.RegistrationTest -->
